\BOOKMARK [0][-]{chapter.1}{Introdu\347\343o}{}% 1
\BOOKMARK [1][-]{section.1.1}{Contextualiza\347\343o}{chapter.1}% 2
\BOOKMARK [1][-]{section.1.2}{Controle de Acesso}{chapter.1}% 3
\BOOKMARK [2][-]{subsection.1.2.1}{Pol\355ticas de Controle de acesso}{section.1.2}% 4
\BOOKMARK [1][-]{section.1.3}{Detec\347\343o de conflitos}{chapter.1}% 5
\BOOKMARK [1][-]{section.1.4}{Problema}{chapter.1}% 6
\BOOKMARK [2][-]{subsection.1.4.1}{Objetivo geral}{section.1.4}% 7
\BOOKMARK [2][-]{subsection.1.4.2}{Solu\347\343o Proposta/Hip\363tese}{section.1.4}% 8
\BOOKMARK [0][-]{chapter.2}{Referencial te\363rico}{}% 9
\BOOKMARK [1][-]{subsection.2.0.1}{Modelos de pol\355ticas de controle de acesso}{chapter.2}% 10
\BOOKMARK [2][-]{subsection.2.0.2}{Trabalhos Relacionados}{subsection.2.0.1}% 11
\BOOKMARK [2][-]{subsection.2.0.3}{Modelo de Pol\355tica utilizado}{subsection.2.0.1}% 12
\BOOKMARK [2][-]{subsection.2.0.4}{Aprendizagem de m\341quina}{subsection.2.0.1}% 13
\BOOKMARK [2][-]{subsection.2.0.5}{Minera\347\343o de Dados}{subsection.2.0.1}% 14
\BOOKMARK [2][-]{subsection.2.0.6}{Algoritmos de classifica\347\343o}{subsection.2.0.1}% 15
\BOOKMARK [2][-]{subsection.2.0.7}{Redes Neurais artificiais}{subsection.2.0.1}% 16
\BOOKMARK [2][-]{subsection.2.0.8}{SVM - Support Vector Machines}{subsection.2.0.1}% 17
\BOOKMARK [0][-]{chapter.3}{Experimentos/Resultados}{}% 18
\BOOKMARK [0][-]{chapter.4}{Propostas para a disserta\347\343o}{}% 19
\BOOKMARK [0][-]{chapter.5}{Conclus\365es}{}% 20
\BOOKMARK [0][-]{chapter.5}{Refer\352ncias}{}% 21
\BOOKMARK [0][-]{appendix.A}{Ap\352ndice A \205 <T\315TULO DO AP\312NDICE>}{}% 22
